pool: 24 bags -- chat=3, ww_G1-G3=18, mtg=3
train windows: 38572
model ready on cuda, 13,181,570 params
epoch 1/100  train_loss=0.006246  train_peak_dist=10.489  train_psr=57.42%  (175s)
epoch 2/100  train_loss=0.005416  train_peak_dist=9.496  train_psr=59.52%  (175s)
epoch 3/100  train_loss=0.005354  train_peak_dist=9.351  train_psr=59.97%  (175s)
epoch 4/100  train_loss=0.005296  train_peak_dist=9.248  train_psr=60.34%  (176s)
epoch 5/100  train_loss=0.005239  train_peak_dist=9.130  train_psr=61.01%  (187s)
epoch 6/100  train_loss=0.005167  train_peak_dist=9.008  train_psr=61.57%  (207s)
epoch 7/100  train_loss=0.005081  train_peak_dist=8.854  train_psr=62.44%  (176s)
epoch 8/100  train_loss=0.004986  train_peak_dist=8.637  train_psr=63.37%  (175s)
epoch 9/100  train_loss=0.004881  train_peak_dist=8.426  train_psr=64.40%  (176s)
epoch 10/100  train_loss=0.004765  train_peak_dist=8.206  train_psr=65.31%  (268s)
epoch 11/100  train_loss=0.004671  train_peak_dist=8.031  train_psr=66.33%  (287s)
epoch 12/100  train_loss=0.004584  train_peak_dist=7.864  train_psr=67.12%  (294s)
epoch 13/100  train_loss=0.004497  train_peak_dist=7.672  train_psr=68.04%  (285s)
epoch 14/100  train_loss=0.004436  train_peak_dist=7.552  train_psr=68.54%  (287s)
epoch 15/100  train_loss=0.004353  train_peak_dist=7.421  train_psr=69.20%  (294s)
epoch 16/100  train_loss=0.004293  train_peak_dist=7.280  train_psr=69.87%  (186s)
epoch 17/100  train_loss=0.004236  train_peak_dist=7.202  train_psr=70.26%  (176s)
epoch 18/100  train_loss=0.004165  train_peak_dist=7.064  train_psr=71.00%  (175s)
epoch 19/100  train_loss=0.004111  train_peak_dist=6.937  train_psr=71.59%  (176s)
epoch 20/100  train_loss=0.004056  train_peak_dist=6.821  train_psr=72.12%  (176s)
epoch 21/100  train_loss=0.003990  train_peak_dist=6.754  train_psr=72.44%  (176s)
epoch 22/100  train_loss=0.003923  train_peak_dist=6.600  train_psr=73.16%  (176s)
epoch 23/100  train_loss=0.003861  train_peak_dist=6.491  train_psr=73.71%  (176s)
epoch 24/100  train_loss=0.003814  train_peak_dist=6.432  train_psr=73.98%  (176s)
epoch 25/100  train_loss=0.003767  train_peak_dist=6.349  train_psr=74.43%  (176s)
epoch 26/100  train_loss=0.003704  train_peak_dist=6.247  train_psr=74.93%  (176s)
epoch 27/100  train_loss=0.003666  train_peak_dist=6.142  train_psr=75.30%  (176s)
epoch 28/100  train_loss=0.003613  train_peak_dist=6.084  train_psr=75.65%  (176s)
epoch 29/100  train_loss=0.003559  train_peak_dist=5.972  train_psr=76.21%  (175s)
epoch 30/100  train_loss=0.003517  train_peak_dist=5.894  train_psr=76.55%  (175s)
epoch 31/100  train_loss=0.003472  train_peak_dist=5.812  train_psr=76.95%  (175s)
epoch 32/100  train_loss=0.003428  train_peak_dist=5.762  train_psr=77.30%  (175s)
epoch 33/100  train_loss=0.003373  train_peak_dist=5.645  train_psr=77.78%  (175s)
epoch 34/100  train_loss=0.003326  train_peak_dist=5.565  train_psr=78.18%  (175s)
epoch 35/100  train_loss=0.003254  train_peak_dist=5.450  train_psr=78.73%  (175s)
epoch 36/100  train_loss=0.003216  train_peak_dist=5.376  train_psr=79.06%  (175s)
epoch 37/100  train_loss=0.003165  train_peak_dist=5.274  train_psr=79.53%  (175s)
epoch 38/100  train_loss=0.003115  train_peak_dist=5.209  train_psr=79.91%  (175s)
epoch 39/100  train_loss=0.003044  train_peak_dist=5.080  train_psr=80.52%  (175s)
epoch 40/100  train_loss=0.002980  train_peak_dist=4.980  train_psr=80.97%  (175s)
epoch 41/100  train_loss=0.002956  train_peak_dist=4.906  train_psr=81.29%  (175s)
epoch 42/100  train_loss=0.002889  train_peak_dist=4.821  train_psr=81.73%  (175s)
epoch 43/100  train_loss=0.002822  train_peak_dist=4.691  train_psr=82.32%  (175s)
epoch 44/100  train_loss=0.002790  train_peak_dist=4.634  train_psr=82.56%  (176s)
epoch 45/100  train_loss=0.002732  train_peak_dist=4.550  train_psr=82.99%  (175s)
epoch 46/100  train_loss=0.002674  train_peak_dist=4.439  train_psr=83.54%  (176s)
epoch 47/100  train_loss=0.002628  train_peak_dist=4.370  train_psr=83.90%  (175s)
epoch 48/100  train_loss=0.002593  train_peak_dist=4.285  train_psr=84.29%  (175s)
epoch 49/100  train_loss=0.002532  train_peak_dist=4.191  train_psr=84.74%  (176s)
epoch 50/100  train_loss=0.002480  train_peak_dist=4.118  train_psr=85.07%  (175s)
epoch 51/100  train_loss=0.002436  train_peak_dist=4.044  train_psr=85.44%  (175s)
epoch 52/100  train_loss=0.002372  train_peak_dist=3.939  train_psr=85.99%  (176s)
epoch 53/100  train_loss=0.002320  train_peak_dist=3.883  train_psr=86.35%  (176s)
epoch 54/100  train_loss=0.002292  train_peak_dist=3.833  train_psr=86.60%  (175s)
epoch 55/100  train_loss=0.002253  train_peak_dist=3.779  train_psr=86.77%  (175s)
epoch 56/100  train_loss=0.002188  train_peak_dist=3.666  train_psr=87.37%  (175s)
epoch 57/100  train_loss=0.002156  train_peak_dist=3.593  train_psr=87.71%  (176s)
epoch 58/100  train_loss=0.002138  train_peak_dist=3.591  train_psr=87.79%  (176s)
epoch 59/100  train_loss=0.002082  train_peak_dist=3.472  train_psr=88.22%  (175s)
epoch 60/100  train_loss=0.002047  train_peak_dist=3.426  train_psr=88.60%  (175s)
epoch 61/100  train_loss=0.002011  train_peak_dist=3.384  train_psr=88.71%  (175s)
epoch 62/100  train_loss=0.001983  train_peak_dist=3.349  train_psr=88.85%  (176s)
epoch 63/100  train_loss=0.001920  train_peak_dist=3.229  train_psr=89.42%  (175s)
epoch 64/100  train_loss=0.001888  train_peak_dist=3.208  train_psr=89.56%  (175s)
epoch 65/100  train_loss=0.001867  train_peak_dist=3.183  train_psr=89.69%  (176s)
epoch 66/100  train_loss=0.001847  train_peak_dist=3.146  train_psr=89.86%  (176s)
epoch 67/100  train_loss=0.001820  train_peak_dist=3.073  train_psr=90.12%  (175s)
epoch 68/100  train_loss=0.001806  train_peak_dist=3.070  train_psr=90.20%  (188s)
epoch 69/100  train_loss=0.001773  train_peak_dist=3.040  train_psr=90.39%  (175s)
epoch 70/100  train_loss=0.001738  train_peak_dist=2.987  train_psr=90.62%  (175s)
epoch 71/100  train_loss=0.001731  train_peak_dist=3.003  train_psr=90.64%  (175s)
epoch 72/100  train_loss=0.001684  train_peak_dist=2.905  train_psr=90.97%  (175s)
epoch 73/100  train_loss=0.001670  train_peak_dist=2.896  train_psr=91.03%  (176s)
epoch 74/100  train_loss=0.001637  train_peak_dist=2.859  train_psr=91.23%  (175s)
epoch 75/100  train_loss=0.001642  train_peak_dist=2.871  train_psr=91.17%  (176s)
epoch 76/100  train_loss=0.001618  train_peak_dist=2.818  train_psr=91.41%  (175s)
epoch 77/100  train_loss=0.001591  train_peak_dist=2.773  train_psr=91.58%  (175s)
epoch 78/100  train_loss=0.001572  train_peak_dist=2.769  train_psr=91.66%  (176s)
epoch 79/100  train_loss=0.001559  train_peak_dist=2.740  train_psr=91.81%  (175s)
epoch 80/100  train_loss=0.001519  train_peak_dist=2.682  train_psr=92.02%  (175s)
epoch 81/100  train_loss=0.001529  train_peak_dist=2.701  train_psr=92.03%  (175s)
epoch 82/100  train_loss=0.001522  train_peak_dist=2.692  train_psr=92.08%  (175s)
epoch 83/100  train_loss=0.001486  train_peak_dist=2.654  train_psr=92.23%  (175s)
epoch 84/100  train_loss=0.001451  train_peak_dist=2.578  train_psr=92.56%  (175s)
epoch 85/100  train_loss=0.001450  train_peak_dist=2.614  train_psr=92.35%  (176s)
epoch 86/100  train_loss=0.001451  train_peak_dist=2.608  train_psr=92.38%  (176s)
epoch 87/100  train_loss=0.001431  train_peak_dist=2.576  train_psr=92.55%  (176s)
epoch 88/100  train_loss=0.001423  train_peak_dist=2.560  train_psr=92.61%  (176s)
epoch 89/100  train_loss=0.001405  train_peak_dist=2.549  train_psr=92.70%  (175s)
epoch 90/100  train_loss=0.001372  train_peak_dist=2.491  train_psr=92.91%  (176s)
epoch 91/100  train_loss=0.001356  train_peak_dist=2.497  train_psr=92.94%  (176s)
epoch 92/100  train_loss=0.001360  train_peak_dist=2.478  train_psr=92.93%  (176s)
epoch 93/100  train_loss=0.001360  train_peak_dist=2.507  train_psr=92.81%  (175s)
epoch 94/100  train_loss=0.001337  train_peak_dist=2.451  train_psr=93.14%  (175s)
epoch 95/100  train_loss=0.001333  train_peak_dist=2.474  train_psr=93.07%  (176s)
epoch 96/100  train_loss=0.001309  train_peak_dist=2.431  train_psr=93.18%  (176s)
epoch 97/100  train_loss=0.001268  train_peak_dist=2.399  train_psr=93.38%  (175s)
epoch 98/100  train_loss=0.001288  train_peak_dist=2.416  train_psr=93.28%  (175s)
epoch 99/100  train_loss=0.001283  train_peak_dist=2.397  train_psr=93.35%  (175s)
epoch 100/100  train_loss=0.001254  train_peak_dist=2.355  train_psr=93.48%  (176s)
done. log -> /home/chen/Playground/train-pssp/run-2/train/runs/overfit_probe_g1g2g3/log.csv
